Using pre-set license
Built from '2021.1/staging' branch; Version is '2021.1.7f1 (d91830b65d9b) revision 14227504'; Using compiler version '192528614'; Build Type 'Release'
OS: 'Windows 10 Pro; OS build 19042.985; Version 2009; 64bit' Language: 'en' Physical Memory: 32691 MB
BatchMode: 1, IsHumanControllingUs: 0, StartBugReporterOnCrash: 0, Is64bit: 1, IsPro: 0

 COMMAND LINE ARGUMENTS:
D:\Projects\Unity\2021.1.7f1\Editor\Unity.exe
-adb2
-batchMode
-noUpm
-name
AssetImportWorker0
-projectPath
D:/Projects/Unity/Two Worlds
-logFile
Logs/AssetImportWorker0.log
-srvPort
63621
Successfully changed project path to: D:/Projects/Unity/Two Worlds
D:/Projects/Unity/Two Worlds
Using Asset Import Pipeline V2.
Refreshing native plugins compatible for Editor in 69.89 ms, found 2 plugins.
Preloading 0 native plugins for Editor in 0.00 ms.
Initialize engine version: 2021.1.7f1 (d91830b65d9b)
[Subsystems] Discovering subsystems at path D:/Projects/Unity/2021.1.7f1/Editor/Data/Resources/UnitySubsystems
[Subsystems] Discovering subsystems at path D:/Projects/Unity/Two Worlds/Assets
GfxDevice: creating device client; threaded=0; jobified=0
Direct3D:
    Version:  Direct3D 11.0 [level 11.1]
    Renderer: NVIDIA GeForce GTX 1080 (ID=0x1b80)
    Vendor:   NVIDIA
    VRAM:     8079 MB
    Driver:   27.21.14.6647
Initialize mono
Mono path[0] = 'D:/Projects/Unity/2021.1.7f1/Editor/Data/Managed'
Mono path[1] = 'D:/Projects/Unity/2021.1.7f1/Editor/Data/MonoBleedingEdge/lib/mono/unityjit'
Mono config path = 'D:/Projects/Unity/2021.1.7f1/Editor/Data/MonoBleedingEdge/etc'
Using monoOptions --debugger-agent=transport=dt_socket,embedding=1,server=y,suspend=n,address=127.0.0.1:56580
Begin MonoManager ReloadAssembly
Registering precompiled unity dll's ...
Register platform support module: D:/Projects/Unity/2021.1.7f1/Editor/Data/PlaybackEngines/WindowsStandaloneSupport/UnityEditor.WindowsStandalone.Extensions.dll
Registered in 0.000876 seconds.
Native extension for WindowsStandalone target not found
Refreshing native plugins compatible for Editor in 75.62 ms, found 2 plugins.
Preloading 0 native plugins for Editor in 0.00 ms.
Mono: successfully reloaded assembly
- Completed reload, in  0.737 seconds
Platform modules already initialized, skipping
Registering precompiled user dll's ...
Registered in 0.001698 seconds.
Begin MonoManager ReloadAssembly
Symbol file LoadedFromMemory doesn't match image D:\Projects\Unity\Two Worlds\Library\PackageCache\com.unity.visualscripting@1.6.1\Editor\VisualScripting.Core\Dependencies\YamlDotNet\Unity.VisualScripting.YamlDotNet.dll
Symbol file LoadedFromMemory doesn't match image D:\Projects\Unity\Two Worlds\Library\PackageCache\com.unity.visualscripting@1.6.1\Editor\VisualScripting.Core\Dependencies\DotNetZip\Unity.VisualScripting.IonicZip.dll
Native extension for WindowsStandalone target not found
Refreshing native plugins compatible for Editor in 71.43 ms, found 2 plugins.
Preloading 0 native plugins for Editor in 0.00 ms.
Mono: successfully reloaded assembly
- Completed reload, in  0.830 seconds
Platform modules already initialized, skipping
========================================================================
Worker process is ready to serve import requests
Launched and connected shader compiler UnityShaderCompiler.exe after 0.03 seconds
Refreshing native plugins compatible for Editor in 0.56 ms, found 2 plugins.
Preloading 0 native plugins for Editor in 0.00 ms.
Unloading 3371 Unused Serialized files (Serialized files now loaded: 0)
System memory in use before: 127.9 MB.
System memory in use after: 127.9 MB.

Unloading 28 unused Assets to reduce memory usage. Loaded Objects now: 3824.
Total: 1.871200 ms (FindLiveObjects: 0.221000 ms CreateObjectMapping: 0.132700 ms MarkObjects: 1.426600 ms  DeleteObjects: 0.090100 ms)

========================================================================
Received Import Request.
  path: Assets
  artifactKey: Guid(00000000000000001000000000000000) Importer(815301076,1909f56bfc062723c751e8b465ee728b)
Start importing Assets using Guid(00000000000000001000000000000000) Importer(815301076,1909f56bfc062723c751e8b465ee728b)  -> (artifact id: '42d402b061de3733987d63b9cc3b64de') in 0.006830 seconds 
========================================================================
Received Import Request.
  Time since last request: 7.776232 seconds.
  path: Assets/Art
  artifactKey: Guid(4a1994fa08eb69144a7d74ce2f352bb9) Importer(815301076,1909f56bfc062723c751e8b465ee728b)
Start importing Assets/Art using Guid(4a1994fa08eb69144a7d74ce2f352bb9) Importer(815301076,1909f56bfc062723c751e8b465ee728b)  -> (artifact id: '36993f5760e09735e273d84e659bb0f3') in 0.004646 seconds 
========================================================================
Received Import Request.
  Time since last request: 15.490253 seconds.
  path: Assets/Art/New Folder
  artifactKey: Guid(80943b7176e78f44fa09fd28b89e3e08) Importer(815301076,1909f56bfc062723c751e8b465ee728b)
Start importing Assets/Art/New Folder using Guid(80943b7176e78f44fa09fd28b89e3e08) Importer(815301076,1909f56bfc062723c751e8b465ee728b)  -> (artifact id: '91205f1026df4c27a89b33ce4049a967') in 0.004985 seconds 
========================================================================
Received Import Request.
  Time since last request: 3.915732 seconds.
  path: Assets/Art/New Folder/Tiles
  artifactKey: Guid(9c5d450673dc1524ca13ffb2a051ce01) Importer(815301076,1909f56bfc062723c751e8b465ee728b)
Start importing Assets/Art/New Folder/Tiles using Guid(9c5d450673dc1524ca13ffb2a051ce01) Importer(815301076,1909f56bfc062723c751e8b465ee728b)  -> (artifact id: 'afb3adcc22d253b0b9281206316b0f04') in 0.004377 seconds 
========================================================================
Received Import Request.
  Time since last request: 4.280388 seconds.
  path: Assets/Art/New Folder/Enemies
  artifactKey: Guid(2a6e0c60d6d9338488a873d02859a8a3) Importer(815301076,1909f56bfc062723c751e8b465ee728b)
Start importing Assets/Art/New Folder/Enemies using Guid(2a6e0c60d6d9338488a873d02859a8a3) Importer(815301076,1909f56bfc062723c751e8b465ee728b)  -> (artifact id: '5b8047615b994b6a2080b7e688772c8b') in 0.005212 seconds 
========================================================================
Received Import Request.
  Time since last request: 4.021206 seconds.
  path: Assets/Art/New Folder/Player
  artifactKey: Guid(2e153b5914e49644c965eba3ab47fd58) Importer(815301076,1909f56bfc062723c751e8b465ee728b)
Start importing Assets/Art/New Folder/Player using Guid(2e153b5914e49644c965eba3ab47fd58) Importer(815301076,1909f56bfc062723c751e8b465ee728b)  -> (artifact id: 'fdad669780e5d49bfcd04951750bc08b') in 0.004858 seconds 
